<?xml version="1.0" encoding="UTF-8"?>
<testng-results skipped="0" failed="0" total="1" passed="1">
  <reporter-output>
  </reporter-output>
  <suite name="Suite" duration-ms="28" started-at="2020-10-19T21:51:00Z" finished-at="2020-10-19T21:51:00Z">
    <groups>
    </groups>
    <test name="Test" duration-ms="28" started-at="2020-10-19T21:51:00Z" finished-at="2020-10-19T21:51:00Z">
      <class name="qaclickacademy.SeleniumTest">
        <test-method status="PASS" signature="sel()[pri:0, instance:qaclickacademy.SeleniumTest@77b52d12]" name="sel" duration-ms="6" started-at="2020-10-19T17:51:00Z" finished-at="2020-10-19T17:51:00Z">
          <reporter-output>
          </reporter-output>
        </test-method> <!-- sel -->
      </class> <!-- qaclickacademy.SeleniumTest -->
    </test> <!-- Test -->
  </suite> <!-- Suite -->
</testng-results>
