<?xml version="1.0" encoding="UTF-8"?>
<testng-results skipped="0" failed="0" ignored="0" total="2" passed="2">
  <reporter-output>
  </reporter-output>
  <suite name="Suite" duration-ms="43" started-at="2020-10-19T21:54:25Z" finished-at="2020-10-19T21:54:25Z">
    <groups>
    </groups>
    <test name="Test" duration-ms="43" started-at="2020-10-19T21:54:25Z" finished-at="2020-10-19T21:54:25Z">
      <class name="qaclickacademy.RESTAPITest">
        <test-method status="PASS" signature="restapi()[pri:0, instance:qaclickacademy.RESTAPITest@e50a6f6]" name="restapi" duration-ms="2" started-at="2020-10-19T21:54:25Z" finished-at="2020-10-19T21:54:25Z">
          <reporter-output>
          </reporter-output>
        </test-method> <!-- restapi -->
      </class> <!-- qaclickacademy.RESTAPITest -->
      <class name="qaclickacademy.SeleniumTest">
        <test-method status="PASS" signature="sel()[pri:0, instance:qaclickacademy.SeleniumTest@4034c28c]" name="sel" duration-ms="11" started-at="2020-10-19T21:54:25Z" finished-at="2020-10-19T21:54:25Z">
          <reporter-output>
          </reporter-output>
        </test-method> <!-- sel -->
      </class> <!-- qaclickacademy.SeleniumTest -->
    </test> <!-- Test -->
  </suite> <!-- Suite -->
</testng-results>
